Removed Pin From Net: NetName=Net100n_1 Pin=100n-1
Removed Pin From Net: NetName=Net68_2 Pin=atmega8-4
Removed Pin From Net: NetName=Net100n_1 Pin=atmega8-7
Removed Pin From Net: NetName=Net100n_1 Pin=atmega8-20
Removed Pin From Net: NetName=Net27p_2 Pin=X?-1
Removed Member From Class: ClassName=Sheet1 Member=P?
Added Component: Designator=FEMALE(RAD0.2)
Added Component: Designator=I2C(RAD0.2)
Added Component: Designator=MALE(RAD0.2)
Added Component: Designator=PORT B(SIP8)
Added Component: Designator=PORT C(SIP8)
Added Component: Designator=PORT D(SIP8)
Added Component: Designator=POWER(SIP3)
Added Component: Designator=SPI(HDR1X4)
Add component (AddParameter): Name = "LatestRevisionDate"; Value = "17-Jul-2002"; VariantName = "[No Variations]"
Add component (AddParameter): Name = "LatestRevisionNote"; Value = "Re-released for DXP Platform."; VariantName = "[No Variations]"
Add component (AddParameter): Name = "Publisher"; Value = "Altium Limited"; VariantName = "[No Variations]"
Added Component: Designator=UART(RAD0.2)
Added Component: Designator=USB-ASP(HDR2X5)
Add component (AddParameter): Name = "LatestRevisionDate"; Value = "17-Jul-2002"; VariantName = "[No Variations]"
Add component (AddParameter): Name = "LatestRevisionNote"; Value = "Re-released for DXP Platform."; VariantName = "[No Variations]"
Add component (AddParameter): Name = "Publisher"; Value = "Altium Limited"; VariantName = "[No Variations]"
Added Pin To Net: NetName=Net68_2 Pin=FEMALE-2
Added Pin To Net: NetName=Net68_2 Pin=MALE-2
Added Pin To Net: NetName=Netatmega8_9 Pin=PORT B-7
Added Pin To Net: NetName=Net27p_2 Pin=PORT B-8
Added Pin To Net: NetName=Net4u7_2 Pin=POWER-1
Added Pin To Net: NetName=Net100n_1 Pin=POWER-3
Added Pin To Net: NetName=GND Pin=USB-ASP-10
Added Pin To Net: NetName=Net4u7_2 Pin=X?-1
Added Pin To Net: NetName=Net27p_2 Pin=X?-1
Added Pin To Net: NetName=Netatmega8_9 Pin=X?-2
Change Net Name : Old Net Name=Net100n_1 New Net Name=NetC5_1
Add Net: Net with name "Net68_1" already exists
Add Net: Net with name "Net68_2" already exists
Added Pin To Net: NetName=Net100n_1 Pin=100n-1
Added Pin To Net: NetName=Net100n_1 Pin=atmega8-7
Added Pin To Net: NetName=Net100n_1 Pin=atmega8-20
Added Pin To Net: NetName=Net100n_1 Pin=POWER-2
Added Pin To Net: NetName=Net100n_1 Pin=USB-ASP-2
Added Net: Name=Net100n_1
Added Pin To Net: NetName=Netatmega8_1 Pin=atmega8-1
Added Pin To Net: NetName=Netatmega8_1 Pin=PORT C-7
Added Pin To Net: NetName=Netatmega8_1 Pin=USB-ASP-5
Added Net: Name=Netatmega8_1
Added Pin To Net: NetName=Netatmega8_2 Pin=atmega8-2
Added Pin To Net: NetName=Netatmega8_2 Pin=PORT D-1
Added Pin To Net: NetName=Netatmega8_2 Pin=UART-1
Added Net: Name=Netatmega8_2
Added Pin To Net: NetName=Netatmega8_3 Pin=atmega8-3
Added Pin To Net: NetName=Netatmega8_3 Pin=PORT D-2
Added Pin To Net: NetName=Netatmega8_3 Pin=UART-2
Added Net: Name=Netatmega8_3
Added Pin To Net: NetName=Netatmega8_4 Pin=atmega8-4
Added Pin To Net: NetName=Netatmega8_4 Pin=PORT D-3
Added Net: Name=Netatmega8_4
Added Pin To Net: NetName=Netatmega8_5 Pin=atmega8-5
Added Pin To Net: NetName=Netatmega8_5 Pin=PORT D-4
Added Net: Name=Netatmega8_5
Added Pin To Net: NetName=Netatmega8_6 Pin=atmega8-6
Added Pin To Net: NetName=Netatmega8_6 Pin=PORT D-5
Added Net: Name=Netatmega8_6
Added Pin To Net: NetName=Netatmega8_11 Pin=atmega8-11
Added Pin To Net: NetName=Netatmega8_11 Pin=PORT D-6
Added Net: Name=Netatmega8_11
Added Pin To Net: NetName=Netatmega8_12 Pin=atmega8-12
Added Pin To Net: NetName=Netatmega8_12 Pin=PORT D-7
Added Net: Name=Netatmega8_12
Added Pin To Net: NetName=Netatmega8_13 Pin=atmega8-13
Added Pin To Net: NetName=Netatmega8_13 Pin=PORT D-8
Added Net: Name=Netatmega8_13
Added Pin To Net: NetName=Netatmega8_14 Pin=atmega8-14
Added Pin To Net: NetName=Netatmega8_14 Pin=PORT B-1
Added Net: Name=Netatmega8_14
Added Pin To Net: NetName=Netatmega8_15 Pin=atmega8-15
Added Pin To Net: NetName=Netatmega8_15 Pin=PORT B-2
Added Net: Name=Netatmega8_15
Added Pin To Net: NetName=Netatmega8_16 Pin=atmega8-16
Added Pin To Net: NetName=Netatmega8_16 Pin=PORT B-3
Added Pin To Net: NetName=Netatmega8_16 Pin=SPI-4
Added Net: Name=Netatmega8_16
Added Pin To Net: NetName=Netatmega8_17 Pin=atmega8-17
Added Pin To Net: NetName=Netatmega8_17 Pin=PORT B-4
Added Pin To Net: NetName=Netatmega8_17 Pin=SPI-3
Added Pin To Net: NetName=Netatmega8_17 Pin=USB-ASP-1
Added Net: Name=Netatmega8_17
Added Pin To Net: NetName=Netatmega8_18 Pin=atmega8-18
Added Pin To Net: NetName=Netatmega8_18 Pin=PORT B-5
Added Pin To Net: NetName=Netatmega8_18 Pin=SPI-2
Added Pin To Net: NetName=Netatmega8_18 Pin=USB-ASP-9
Added Net: Name=Netatmega8_18
Added Pin To Net: NetName=Netatmega8_19 Pin=atmega8-19
Added Pin To Net: NetName=Netatmega8_19 Pin=PORT B-6
Added Pin To Net: NetName=Netatmega8_19 Pin=SPI-1
Added Pin To Net: NetName=Netatmega8_19 Pin=USB-ASP-7
Added Net: Name=Netatmega8_19
Added Pin To Net: NetName=Netatmega8_23 Pin=atmega8-23
Added Pin To Net: NetName=Netatmega8_23 Pin=PORT C-1
Added Net: Name=Netatmega8_23
Added Pin To Net: NetName=Netatmega8_24 Pin=atmega8-24
Added Pin To Net: NetName=Netatmega8_24 Pin=PORT C-2
Added Net: Name=Netatmega8_24
Added Pin To Net: NetName=Netatmega8_25 Pin=atmega8-25
Added Pin To Net: NetName=Netatmega8_25 Pin=PORT C-3
Added Net: Name=Netatmega8_25
Added Pin To Net: NetName=Netatmega8_26 Pin=atmega8-26
Added Pin To Net: NetName=Netatmega8_26 Pin=PORT C-4
Added Net: Name=Netatmega8_26
Added Pin To Net: NetName=Netatmega8_27 Pin=atmega8-27
Added Pin To Net: NetName=Netatmega8_27 Pin=I2C-1
Added Pin To Net: NetName=Netatmega8_27 Pin=PORT C-5
Added Net: Name=Netatmega8_27
Added Pin To Net: NetName=Netatmega8_28 Pin=atmega8-28
Added Pin To Net: NetName=Netatmega8_28 Pin=I2C-2
Added Pin To Net: NetName=Netatmega8_28 Pin=PORT C-6
Added Net: Name=Netatmega8_28
Added Member To Class: ClassName=Sheet1 Member=Component 68 RES2
Added Member To Class: ClassName=Sheet1 Member=Component FEMALE HEADER 2
Added Member To Class: ClassName=Sheet1 Member=Component I2C HEADER 2
Added Member To Class: ClassName=Sheet1 Member=Component MALE HEADER 2
Added Member To Class: ClassName=Sheet1 Member=Component PORT B HEADER 8
Added Member To Class: ClassName=Sheet1 Member=Component PORT C HEADER 8
Added Member To Class: ClassName=Sheet1 Member=Component PORT D HEADER 8
Added Member To Class: ClassName=Sheet1 Member=Component POWER HEADER 3
Added Member To Class: ClassName=Sheet1 Member=Component SPI Header 4
Added Member To Class: ClassName=Sheet1 Member=Component UART HEADER 2
Added Member To Class: ClassName=Sheet1 Member=Component USB-ASP Header 5X2
Added Member To Class: ClassName=Sheet1 Member=Component X? Crystal
