Change Component Designator: OldDesignator=U? NewDesignator=atmega8
Added Component: Designator=X?(OST_USB-B1HSB6)
Add component (AddParameter): Name = "Availability"; Value = "In Stock"; VariantName = "[No Variations]"
Add component (AddParameter): Name = "Check_prices"; Value = "https://www.snapeda.com/parts/USB-B1HSB6/On+Shore+Technology+Inc./view-part/?ref=eda"; VariantName = "[No Variations]"
Add component (AddParameter): Name = "MF"; Value = "On Shore"; VariantName = "[No Variations]"
Add component (AddParameter): Name = "MP"; Value = "USB-B1HSB6"; VariantName = "[No Variations]"
Add component (AddParameter): Name = "Package"; Value = "None"; VariantName = "[No Variations]"
Add component (AddParameter): Name = "Price"; Value = "None"; VariantName = "[No Variations]"
Add component (AddParameter): Name = "Purchase-URL"; Value = "https://pricing.snapeda.com/search/part/USB-B1HSB6/?ref=eda"; VariantName = "[No Variations]"
Add component (AddParameter): Name = "SnapEDA_Link"; Value = "https://www.snapeda.com/parts/USB-B1HSB6/On+Shore+Technology+Inc./view-part/?ref=snap"; VariantName = "[No Variations]"
Add component (AddParameter): Name = "Value"; Value = ""; VariantName = "[No Variations]"
Add Pin To Net: Unknown Pin: Pin R3-2
Add Pin To Net: Unknown Pin: Pin R4-2
Added Pin To Net: NetName=Net4u7_2 Pin=X?-1
Added Pin To Net: NetName=Net27p_2 Pin=X?-1
Added Pin To Net: NetName=GND Pin=X?-4
Added Pin To Net: NetName=Netatmega8_4 Pin=atmega8-4
Added Net: Name=Netatmega8_4
Added Pin To Net: NetName=Netatmega8_6 Pin=atmega8-6
Added Net: Name=Netatmega8_6
Added Pin To Net: NetName=Netatmega8_9 Pin=atmega8-9
Added Pin To Net: NetName=Netatmega8_9 Pin=C2-2
Added Pin To Net: NetName=Netatmega8_9 Pin=X?-2
Added Net: Name=Netatmega8_9
Added Pin To Net: NetName=NetR1_2 Pin=X?-2
Added Net: Name=NetR1_2
Added Pin To Net: NetName=NetR2_2 Pin=X?-3
Added Net: Name=NetR2_2
Add Class Member: Failed to add class member : Component R1 Resistor
Add Class Member: Failed to add class member : Component R2 Resistor
Add Class Member: Failed to add class member : Component R3 Resistor
Add Class Member: Failed to add class member : Component R4 Resistor
Added Member To Class: ClassName=Sheet1 Member=Component U? VOLTREG
Added Member To Class: ClassName=Sheet1 Member=Component X? Crystal
Added Member To Class: ClassName=Sheet1 Member=Component X? USB-B1HSB6
