Removed Pin From Net: NetName=Net27p_2 Pin=X?-1
Added Component: Designator=68(AXIAL0.3)
Added Component: Designator=68(AXIAL0.3)
Added Component: Designator=RES3(AXIAL0.3)
Added Component: Designator=RES4(AXIAL0.3)
Added Pin To Net: NetName=Net100n_1 Pin=RES3-2
Added Pin To Net: NetName=GND Pin=RES4-1
Added Pin To Net: NetName=Net4u7_2 Pin=X?-1
Added Pin To Net: NetName=Net27p_2 Pin=X?-1
Added Pin To Net: NetName=Netatmega8_9 Pin=X?-2
Added Pin To Net: NetName=Net68_1 Pin=68-1
Added Pin To Net: NetName=Net68_1 Pin=RES3-1
Added Pin To Net: NetName=Net68_1 Pin=X?-2
Added Net: Name=Net68_1
Add Net: Net with name "Net68_1" already exists
Added Pin To Net: NetName=Net68_2 Pin=68-2
Added Pin To Net: NetName=Net68_2 Pin=atmega8-4
Added Net: Name=Net68_2
Add Net: Net with name "Net68_2" already exists
Added Member To Class: ClassName=Sheet1 Member=Component 68 RES1
Added Member To Class: ClassName=Sheet1 Member=Component 68 RES2
Added Member To Class: ClassName=Sheet1 Member=Component RES3 1K5
Added Member To Class: ClassName=Sheet1 Member=Component RES4 1M
Added Member To Class: ClassName=Sheet1 Member=Component X? Crystal
