Removed Pin From Net: NetName=Net27p_2 Pin=X?-1
Removed Pin From Net: NetName=Netatmega8_9 Pin=X?-2
Added Component: Designator=68(AXIAL0.3)
Add Pin To Net: Unknown Pin: Pin R1-1
Add Pin To Net: Unknown Pin: Pin R1-2
Add Pin To Net: Unknown Pin: Pin R3-1
Add Pin To Net: Unknown Pin: Pin R3-2
Add Pin To Net: Unknown Pin: Pin R4-2
Added Pin To Net: NetName=Net4u7_2 Pin=X?-1
Added Pin To Net: NetName=Net27p_2 Pin=X?-1
Added Pin To Net: NetName=Netatmega8_9 Pin=X?-2
Added Pin To Net: NetName=NetR1_2 Pin=X?-2
Added Pin To Net: NetName=Net68_1 Pin=68-1
Added Pin To Net: NetName=Net68_1 Pin=X?-3
Added Net: Name=Net68_1
Added Pin To Net: NetName=Net68_2 Pin=68-2
Added Pin To Net: NetName=Net68_2 Pin=atmega8-4
Added Net: Name=Net68_2
Added Member To Class: ClassName=Sheet1 Member=Component 68 RES2
Add Class Member: Failed to add class member : Component R1 Resistor
Add Class Member: Failed to add class member : Component R3 Resistor
Add Class Member: Failed to add class member : Component R4 Resistor
Added Member To Class: ClassName=Sheet1 Member=Component X? Crystal
